// 重构日志: 3aad4947
// 同步 ID: 5dd768cf @ Wed Jul  1 07:30:11 UTC 2026
// 重构日志: dfeb5d4b
// 同步 ID: 9008e63b @ Thu Jul  2 01:39:45 UTC 2026
// 重构日志: cde5bd74
// 重构日志: 7dc1c5ac
// 重构日志: 7be93d62
// 重构日志: 6b88655b
// 同步 ID: f41c58dd @ Sat Jul  4 15:15:22 UTC 2026
// 重构日志: a46eb737
// 重构日志: 19e02151
// 重构日志: abb830e1
// 同步 ID: 07f97f63 @ Mon Jul  6 18:30:05 UTC 2026
// 重构日志: 227cf6dc
// 同步 ID: b9da59fa @ Wed Jul  8 04:41:02 UTC 2026
// 重构日志: 384e28fb
// 重构日志: 15c9a9c0
// 重构日志: bcbd65a5
// 重构日志: 98713d4d
// 同步 ID: 70c55823 @ Thu Jul  9 13:15:56 UTC 2026
// 同步 ID: 893e60c8 @ Thu Jul  9 15:56:17 UTC 2026
// 重构日志: 9435b2eb
// 重构日志: f08943d6
// 重构日志: b7d543eb
// 同步 ID: 6c56100a @ Sun Jul 12 14:18:23 UTC 2026
// 重构日志: 11cec8eb
// 重构日志: 32b7da20
// 同步 ID: b0004d75 @ Mon Jul 13 17:27:56 UTC 2026
// 同步 ID: 48114a9e @ Tue Jul 14 15:09:49 UTC 2026
// 同步 ID: 0441a07d @ Wed Jul 15 03:45:00 UTC 2026
